
> habit-tracker@0.1.0 dev:custom
> next dev --port 3333 --hostname 127.0.0.1

   ▲ Next.js 15.3.4
   - Local:        http://127.0.0.1:3333
   - Network:      http://127.0.0.1:3333

 ✓ Starting...
 ✓ Ready in 1358ms
 ○ Compiling / ...
 ✓ Compiled / in 889ms (719 modules)
 GET / 200 in 1090ms
 ✓ Compiled /favicon.ico in 53ms (404 modules)
 GET /favicon.ico 200 in 112ms
 HEAD / 200 in 79ms
 GET / 200 in 52ms
 GET /favicon.ico 200 in 3ms
 ⚠ Found a change in next.config.ts. Restarting the server to apply the changes...
   ▲ Next.js 15.3.4
   - Local:        http://127.0.0.1:3333
   - Network:      http://127.0.0.1:3333

 ✓ Starting...
 ✓ Ready in 1478ms
 ○ Compiling / ...
 ✓ Compiled / in 1004ms (727 modules)
 GET / 200 in 1180ms
 GET / 200 in 79ms
 ✓ Compiled /favicon.ico in 181ms (408 modules)
 GET /favicon.ico 200 in 235ms
 GET /?group=61M91E 200 in 116ms
 GET /favicon.ico 200 in 4ms
